1 5.5802e-05
2 0.000711339
3 0.000768787
4 0.000815284
5 0.00085355
6 0.000883353
7 0.000910562
8 0.000932484
9 0.000941693
11 0.00071678
12 0.000810156
13 0.000884547
14 0.000936663
15 0.000977208
16 0.00100504
18 0.00107427
19 0.00109741
20 0.000671164
21 0.000790323
22 0.000893618
23 0.000973427
24 0.00102471
29 0.00124009
30 0.00071957
31 0.0008454
32 0.000952787
33 0.00103913
38 0.00134558
39 0.00137498
40 0.000756097
41 0.000880819
42 0.000979788
44 0.00116639
46 0.00134219
48 0.0014652
49 0.00148512
50 0.00088285
51 0.00101619
55 0.00146839
59 0.00155681
60 0.000909995
61 0.00103801
64 0.00143586
65 0.00155455
66 0.00161038
68 0.00160757
69 0.0015777
70 0.000934397
74 0.00151028
75 0.00161294
76 0.00165062
77 0.00163518
78 0.00157604
79 0.00152486
80 0.000955224
81 0.00110158
83 0.00140644
84 0.00155755
85 0.00164648
86 0.00166033
87 0.0015938
88 0.00144557
89 0.00135944
90 0.000965302
91 0.00112502
92 0.00128016
93 0.00143644
94 0.00157521
95 0.00165711
96 0.00165995
97 0.00156592
150 0.00067723
151 0.000788388
155 0.00124876
160 0.000681432
161 0.000782761
164 0.00115592
165 0.00129424
166 0.00139191
168 0.00152823
170 0.00067869
174 0.00117785
175 0.0013035
176 0.001395
177 0.00145675
178 0.00149516
180 0.000673959
181 0.000790601
183 0.00103757
184 0.00117175
185 0.00127985
186 0.00135532
187 0.00139288
188 0.00138337
1017 0.00149933
1025 0.00155147
1037 0.00187921
1043 0.00155604
1045 0.00183565
1047 0.00207052
1062 0.0016584
1063 0.00185954
1067 0.00236169
1082 0.0018007
1162 0.00125955
1163 0.00144268
1167 0.00212695
1182 0.00127416
2026 0.00161033
2028 0.00176131
2034 0.00159938
2036 0.00177877
2052 0.00161425
2054 0.00196491
2056 0.00224083
2058 0.00229848
2071 0.00152981
2073 0.00195893
2152 0.00126513
2154 0.00161695
2156 0.0019693
2158 0.00219471
2171 0.00110757
2173 0.00146208
3057 0.00343687
3157 0.00315057
3557 0.00343157
3657 0.00314021
4053 0.00252125
4072 0.00244479
4153 0.00202362
4172 0.00177926
4553 0.00251501
4572 0.00244584
4653 0.00200242
4672 0.00178272
5027 0.00276825
5035 0.0028687
5127 0.00260803
5135 0.00251917
5527 0.00275314
5535 0.00286651
5627 0.00260495
5635 0.00249972
6099 0.0024382
7098 0.00048277
7798 0.000649204
8190 0.000520814
9000 0.000182958
