1 5.59415e-05
2 0.000708282
3 0.000761356
4 0.000805256
5 0.000842333
6 0.000870789
7 0.00089452
8 0.000913702
9 0.000924469
11 0.000715542
12 0.000809016
13 0.000878366
14 0.000928886
15 0.000966326
16 0.000990562
18 0.00105421
19 0.00107737
20 0.000671682
21 0.00078919
22 0.000890833
23 0.000969786
24 0.00101869
29 0.00121845
30 0.000723281
31 0.00084881
32 0.00095462
33 0.00103877
38 0.00132668
39 0.00135412
40 0.000762253
41 0.000889445
42 0.000990775
44 0.00116883
46 0.00133228
48 0.00144982
49 0.00147146
50 0.000894366
51 0.00103255
55 0.00146941
59 0.00154123
60 0.000924315
61 0.00105652
64 0.00144979
65 0.00155805
66 0.00160797
68 0.00159417
69 0.00156403
70 0.000950322
74 0.00152252
75 0.00161836
76 0.00164853
77 0.0016224
78 0.00156417
79 0.00151214
80 0.000969935
81 0.00112098
83 0.0014262
84 0.00156741
85 0.0016479
86 0.00165536
87 0.001586
88 0.0014349
89 0.00134705
90 0.000978923
91 0.00114611
92 0.00130167
93 0.00145415
94 0.00158172
95 0.0016549
96 0.00165422
97 0.00155887
150 0.000680734
151 0.000796488
155 0.00124709
160 0.000687943
161 0.000794857
164 0.0011638
165 0.00129195
166 0.00138594
168 0.00151586
170 0.000688407
174 0.00118839
175 0.00130577
176 0.0013912
177 0.00144504
178 0.00148107
180 0.000683194
181 0.000802192
183 0.00104844
184 0.00117943
185 0.00128237
186 0.0013529
187 0.00138495
188 0.00136954
1017 0.0014741
1025 0.00153949
1037 0.00185715
1043 0.00157348
1045 0.00183611
1047 0.002051
1062 0.00170371
1063 0.00189872
1067 0.00235262
1082 0.00184433
1162 0.00128948
1163 0.00146937
1167 0.00211213
1182 0.00129869
2026 0.00159349
2028 0.00173105
2034 0.00159938
2036 0.00176782
2052 0.00164902
2054 0.00198605
2056 0.00223563
2058 0.00227734
2071 0.00156627
2073 0.00199912
2152 0.00129165
2154 0.00162807
2156 0.00195602
2158 0.00217364
2171 0.00113159
2173 0.00149102
3057 0.00341787
3157 0.00311669
3557 0.00341131
3657 0.00312569
4053 0.00260799
4072 0.00254145
4153 0.00207182
4172 0.00184395
4553 0.00259857
4572 0.00254895
4653 0.00207369
4672 0.00184975
5027 0.00273167
5035 0.00288486
5127 0.00256389
5135 0.00251031
5527 0.00273029
5535 0.00287395
5627 0.00259
5635 0.00251011
6099 0.00243107
7098 0.000480181
7798 0.000644561
8190 0.000523334
9000 0.000182504
